1619107127482	geckodriver	INFO	Listening on 127.0.0.1:57198
1619107130537	mozrunner::runner	INFO	Running command: "C:\\Program Files\\Mozilla Firefox\\firefox.exe" "--marionette" "-foreground" "-no-remote" "-profile" "C:\\Users\\karth\\AppData\\Local\\Temp\\rust_mozprofilevZSWJA"
1619107130939	Marionette	INFO	Marionette enabled
console.warn: SearchSettings: "get: No settings file exists, new profile?" (new Error("", "(unknown module)"))
1619107133128	Marionette	INFO	Listening on port 57206
1619107133281	Marionette	WARN	TLS certificate errors will be ignored for this session
JavaScript error: https://origin.tutorix.com/js/slick.min.js, line 1: TypeError: e.$slides is null
JavaScript error: https://origin.tutorix.com/js/slick.min.js, line 1: TypeError: e.$slides is null
1619107139395	Marionette	INFO	Stopped listening on port 57206

###!!! [Child][RunMessage] Error: Channel closing: too late to send/recv, messages will be lost

1619110316262	geckodriver	INFO	Listening on 127.0.0.1:57465
1619110319375	mozrunner::runner	INFO	Running command: "C:\\Program Files\\Mozilla Firefox\\firefox.exe" "--marionette" "-foreground" "-no-remote" "-profile" "C:\\Users\\karth\\AppData\\Local\\Temp\\rust_mozprofileQO3Y2w"
1619110319755	Marionette	INFO	Marionette enabled
console.warn: SearchSettings: "get: No settings file exists, new profile?" (new Error("", "(unknown module)"))
1619110321733	Marionette	INFO	Listening on port 57473
1619110322056	Marionette	WARN	TLS certificate errors will be ignored for this session
1619110324272	Marionette	INFO	Stopped listening on port 57473

###!!! [Child][RunMessage] Error: Channel closing: too late to send/recv, messages will be lost

1619110368425	geckodriver	INFO	Listening on 127.0.0.1:57554
1619110371517	mozrunner::runner	INFO	Running command: "C:\\Program Files\\Mozilla Firefox\\firefox.exe" "--marionette" "-foreground" "-no-remote" "-profile" "C:\\Users\\karth\\AppData\\Local\\Temp\\rust_mozprofile13XhFc"
1619110371875	Marionette	INFO	Marionette enabled
console.warn: SearchSettings: "get: No settings file exists, new profile?" (new Error("", "(unknown module)"))
1619110373868	Marionette	INFO	Listening on port 57562
1619110374194	Marionette	WARN	TLS certificate errors will be ignored for this session
console.error: (new TypeError("parent is null", "resource://devtools/client/inspector/shared/style-change-tracker.js", 67))
TypeError: parent is null: canMutationImpactCurrentStyles@resource://devtools/client/inspector/shared/style-change-tracker.js:67:24
onMutations@resource://devtools/client/inspector/shared/style-change-tracker.js:84:41
_emit@resource://devtools/shared/event-emitter.js:226:34
emit@resource://devtools/shared/event-emitter.js:172:18
emit@resource://devtools/shared/event-emitter.js:324:18
getMutations@resource://devtools/client/fronts/walker.js:358:10

*************************
A coding exception was thrown in a Promise resolution callback.
See https://developer.mozilla.org/Mozilla/JavaScript_code_modules/Promise.jsm/Promise

Full message: TypeError: container.editor is undefined
Full stack: showNode/<@resource://devtools/client/inspector/markup/markup.js:1620:9
process@resource://gre/modules/Promise-backend.js:961:38
walkerLoop@resource://gre/modules/Promise-backend.js:845:29
Promise*scheduleWalkerLoop@resource://gre/modules/Promise-backend.js:775:19
schedulePromise@resource://gre/modules/Promise-backend.js:809:12
Promise.prototype.then@resource://gre/modules/Promise-backend.js:483:19
showNode@resource://devtools/client/inspector/markup/markup.js:1612:8
_onToolboxPickerHover@resource://devtools/client/inspector/markup/markup.js:456:10
_emit@resource://devtools/shared/event-emitter.js:226:34
emit@resource://devtools/shared/event-emitter.js:172:18
emit@resource://devtools/shared/event-emitter.js:324:18
_onHovered@resource://devtools/client/inspector/node-picker.js:199:10
_emit@resource://devtools/shared/event-emitter.js:226:34
emit@resource://devtools/shared/event-emitter.js:172:18
emit@resource://devtools/shared/event-emitter.js:324:18
onPacket@resource://devtools/shared/protocol/Front.js:329:13
onPacket@resource://devtools/client/devtools-client.js:482:13
send/<@resource://devtools/shared/transport/local-transport.js:68:25
exports.makeInfallible/<@resource://devtools/shared/ThreadSafeDevToolsUtils.js:103:22
exports.makeInfallible/<@resource://devtools/shared/ThreadSafeDevToolsUtils.js:103:22

*************************
console.error: (new TypeError("container.editor is undefined", "resource://devtools/client/inspector/markup/markup.js", 1620))
console.warn: "Async method failed in safeAsyncMethod" (new Error("Connection closed, pending request to server0.conn0.child4/domwalker23, type cancelPick failed\n\nRequest stack:\nrequest@resource://devtools/shared/protocol/Front.js:285:14\ngenerateRequestMethods/</frontProto[name]@resource://devtools/shared/protocol/Front/FrontClassWithSpec.js:46:19\ncancelPick@resource://devtools/client/fronts/walker.js:546:18\nexports.safeAsyncMethod/<@resource://devtools/shared/async-utils.js:57:25\n_onInspectorFrontDestroyed@resource://devtools/client/inspector/node-picker.js:113:18\nstop@resource://devtools/client/inspector/node-picker.js:176:18\n_destroyToolbox@resource://devtools/client/framework/toolbox.js:3735:24\ndestroy@resource://devtools/client/framework/toolbox.js:3669:10\ncloseToolbox@resource://devtools/client/framework/toolbox.js:3645:16\nonClick@resource://devtools/client/framework/components/ToolboxToolbar.js:456:26\ninvokeGuardedCallbackImpl@resource://devtools/client/shared/vendor/react-dom.js:74:10\ninvokeGuardedCallback@resource://devtools/client/shared/vendor/react-dom.js:111:29\ninvokeGuardedCallbackAndCatchFirstError@resource://devtools/client/shared/vendor/react-dom.js:125:25\nexecuteDispatch@resource://devtools/client/shared/vendor/react-dom.js:346:42\nexecuteDispatchesInOrder@resource://devtools/client/shared/vendor/react-dom.js:365:20\nexecuteDispatchesAndRelease@resource://devtools/client/shared/vendor/react-dom.js:462:29\nexecuteDispatchesAndReleaseTopLevel@resource://devtools/client/shared/vendor/react-dom.js:470:10\nforEachAccumulated@resource://devtools/client/shared/vendor/react-dom.js:444:8\nrunEventsInBatch@resource://devtools/client/shared/vendor/react-dom.js:598:21\nrunExtractedEventsInBatch@resource://devtools/client/shared/vendor/react-dom.js:606:19\nhandleTopLevel@resource://devtools/client/shared/vendor/react-dom.js:4272:30\nbatchedUpdates$1@resource://devtools/client/shared/vendor/react-dom.js:15752:12\nbatchedUpdates@resource://devtools/client/shared/vendor/react-dom.js:1882:12\ndispatchEvent@resource://devtools/client/shared/vendor/react-dom.js:4351:19\ninteractiveUpdates$1/<@resource://devtools/client/shared/vendor/react-dom.js:15803:14\nunstable_runWithPriority@resource://devtools/client/shared/vendor/react.js:617:12\ninteractiveUpdates$1@resource://devtools/client/shared/vendor/react-dom.js:15802:12\ninteractiveUpdates@resource://devtools/client/shared/vendor/react-dom.js:1901:10\ndispatchInteractiveEvent@resource://devtools/client/shared/vendor/react-dom.js:4328:21\n", "resource://devtools/shared/protocol/Front.js", 99))
1619110560395	Marionette	INFO	Stopped listening on port 57562

###!!! [Child][RunMessage] Error: Channel closing: too late to send/recv, messages will be lost

1619110563255	geckodriver	INFO	Listening on 127.0.0.1:57666
1619110566355	mozrunner::runner	INFO	Running command: "C:\\Program Files\\Mozilla Firefox\\firefox.exe" "--marionette" "-foreground" "-no-remote" "-profile" "C:\\Users\\karth\\AppData\\Local\\Temp\\rust_mozprofilerzjWOd"
1619110566888	Marionette	INFO	Marionette enabled
console.warn: SearchSettings: "get: No settings file exists, new profile?" (new Error("", "(unknown module)"))
1619110569066	Marionette	INFO	Listening on port 57675
1619110569554	Marionette	WARN	TLS certificate errors will be ignored for this session
1619110573148	Marionette	WARN	Ignoring event 'DOMContentLoaded' because document has an invalid readyState of 'complete'.
JavaScript error: https://twitter.com/, line 131: ChunkLoadError: Loading chunk 0 failed.
(error: https://abs.twimg.com/responsive-web/client-web/sharedCore.f904f375.js)
JavaScript error: https://twitter.com/, line 131: ChunkLoadError: Loading chunk 0 failed.
(error: https://abs.twimg.com/responsive-web/client-web/sharedCore.f904f375.js)
JavaScript error: https://twitter.com/, line 131: ChunkLoadError: Loading chunk 0 failed.
(error: https://abs.twimg.com/responsive-web/client-web/sharedCore.f904f375.js)
JavaScript error: https://twitter.com/, line 131: ChunkLoadError: Loading chunk 0 failed.
(error: https://abs.twimg.com/responsive-web/client-web/sharedCore.f904f375.js)
JavaScript error: https://twitter.com/, line 131: ChunkLoadError: Loading chunk 54 failed.
(error: https://abs.twimg.com/responsive-web/client-web/bundle.NetworkInstrument.60b62f55.js)
1619110633122	Marionette	INFO	Stopped listening on port 57675
9110612777	mozrunner::runner	INFO	Running command: "C:\\Program Files\\Mozilla Firefox\\firefox.exe" "--marionette" "-foreground" "-no-remote" "-profile" "C:\\Users\\karth\\AppData\\Local\\Temp\\rust_mozprofileoWdgAB"
1619110613150	Marionette	INFO	Marionette enabled
console.warn: SearchSettings: "get: No settings file exists, new profile?" (new Error("", "(unknown module)"))
1619110615141	Marionette	INFO	Listening on port 57833
1619110615444	Marionette	WARN	TLS certificate errors will be ignored for this session
1619110621081	Marionette	WARN	Ignoring event 'DOMContentLoaded' because document has an invalid readyState of 'complete'.
1619110628090	Marionette	INFO	Stopped listening on port 57833

###!!! [Child][RunMessage] Error: Channel closing: too late to send/recv, messages will be lost

